<?xml version="1.0" encoding="UTF-8"?>
<!-- Generated by org.testng.reporters.JUnitReportReporter -->
<testsuite hostname="LAPTOP-QLD5DGRQ" name="com.runner.TestRunner" tests="1" failures="0" timestamp="2 Nov 2021 07:58:20 GMT" time="0.085" errors="0">
  <testcase name="feature" time="0.085" classname="com.runner.TestRunner"/>
</testsuite> <!-- com.runner.TestRunner -->
