<?xml version="1.0" encoding="UTF-8"?>
<!-- Generated by org.testng.reporters.JUnitReportReporter -->
<testsuite hostname="LAPTOP-QLD5DGRQ" name="com.runner.TestRunner" tests="1" failures="0" timestamp="26 Oct 2021 18:52:11 GMT" time="0.150" errors="0">
  <testcase name="feature" time="0.150" classname="com.runner.TestRunner"/>
</testsuite> <!-- com.runner.TestRunner -->
