<?xml version="1.0" encoding="UTF-8"?>
<!-- Generated by org.testng.reporters.JUnitReportReporter -->
<testsuite hostname="LAPTOP-QLD5DGRQ" name="com.runner.TestRunner" tests="1" failures="0" timestamp="26 Oct 2021 19:26:39 GMT" time="43.920" errors="0">
  <testcase name="feature" time="43.920" classname="com.runner.TestRunner"/>
</testsuite> <!-- com.runner.TestRunner -->
